# JRE version: OpenJDK Runtime Environment (8.0_152-b01) (build 1.8.0_152-release-915-b01)
# Java VM: OpenJDK 64-Bit Server VM (25.152-b01 mixed mode windows-amd64 compressed oops)
Heap:
 PSYoungGen      total 265216K, used 256544K [0x00000000e0000000, 0x00000000f2480000, 0x0000000100000000)
  eden space 246272K, 100% used [0x00000000e0000000,0x00000000ef080000,0x00000000ef080000)
  from space 18944K, 54% used [0x00000000f1200000,0x00000000f1c08180,0x00000000f2480000)
  to   space 26624K, 53% used [0x00000000ef080000,0x00000000efe7c438,0x00000000f0a80000)
 ParOldGen       total 154112K, used 48722K [0x00000000a0000000, 0x00000000a9680000, 0x00000000e0000000)
  object space 154112K, 31% used [0x00000000a0000000,0x00000000a2f94ba0,0x00000000a9680000)
 Metaspace       used 66767K, capacity 71000K, committed 71040K, reserved 1110016K
  class space    used 8818K, capacity 9830K, committed 9856K, reserved 1048576K
GC Heap History (10 events):
Event: 47.506 GC heap after
Heap after GC invocations=13 (full 2):
 PSYoungGen      total 156160K, used 20461K [0x00000000e0000000, 0x00000000ee280000, 0x0000000100000000)
  eden space 135680K, 0% used [0x00000000e0000000,0x00000000e0000000,0x00000000e8480000)
  from space 20480K, 99% used [0x00000000e8480000,0x00000000e987b4e0,0x00000000e9880000)
  to   space 26624K, 0% used [0x00000000ec880000,0x00000000ec880000,0x00000000ee280000)
 ParOldGen       total 105472K, used 36142K [0x00000000a0000000, 0x00000000a6700000, 0x00000000e0000000)
  object space 105472K, 34% used [0x00000000a0000000,0x00000000a234b938,0x00000000a6700000)
 Metaspace       used 56664K, capacity 58940K, committed 59008K, reserved 1099776K
  class space    used 7714K, capacity 8286K, committed 8320K, reserved 1048576K
}
Event: 47.750 GC heap before
{Heap before GC invocations=14 (full 2):
 PSYoungGen      total 156160K, used 27369K [0x00000000e0000000, 0x00000000ee280000, 0x0000000100000000)
  eden space 135680K, 5% used [0x00000000e0000000,0x00000000e06bf1c0,0x00000000e8480000)
  from space 20480K, 99% used [0x00000000e8480000,0x00000000e987b4e0,0x00000000e9880000)
  to   space 26624K, 0% used [0x00000000ec880000,0x00000000ec880000,0x00000000ee280000)
 ParOldGen       total 105472K, used 36142K [0x00000000a0000000, 0x00000000a6700000, 0x00000000e0000000)
  object space 105472K, 34% used [0x00000000a0000000,0x00000000a234b938,0x00000000a6700000)
 Metaspace       used 56744K, capacity 58964K, committed 59008K, reserved 1099776K
  class space    used 7717K, capacity 8290K, committed 8320K, reserved 1048576K
Event: 47.793 GC heap after
Heap after GC invocations=14 (full 2):
 PSYoungGen      total 203264K, used 20701K [0x00000000e0000000, 0x00000000eff80000, 0x0000000100000000)
  eden space 176640K, 0% used [0x00000000e0000000,0x00000000e0000000,0x00000000eac80000)
  from space 26624K, 77% used [0x00000000ec880000,0x00000000edcb74d0,0x00000000ee280000)
  to   space 28672K, 0% used [0x00000000eac80000,0x00000000eac80000,0x00000000ec880000)
 ParOldGen       total 105472K, used 36150K [0x00000000a0000000, 0x00000000a6700000, 0x00000000e0000000)
  object space 105472K, 34% used [0x00000000a0000000,0x00000000a234d938,0x00000000a6700000)
 Metaspace       used 56744K, capacity 58964K, committed 59008K, reserved 1099776K
  class space    used 7717K, capacity 8290K, committed 8320K, reserved 1048576K
}
Event: 47.793 GC heap before
{Heap before GC invocations=15 (full 3):
 PSYoungGen      total 203264K, used 20701K [0x00000000e0000000, 0x00000000eff80000, 0x0000000100000000)
  eden space 176640K, 0% used [0x00000000e0000000,0x00000000e0000000,0x00000000eac80000)
  from space 26624K, 77% used [0x00000000ec880000,0x00000000edcb74d0,0x00000000ee280000)
  to   space 28672K, 0% used [0x00000000eac80000,0x00000000eac80000,0x00000000ec880000)
 ParOldGen       total 105472K, used 36150K [0x00000000a0000000, 0x00000000a6700000, 0x00000000e0000000)
  object space 105472K, 34% used [0x00000000a0000000,0x00000000a234d938,0x00000000a6700000)
 Metaspace       used 56744K, capacity 58964K, committed 59008K, reserved 1099776K
  class space    used 7717K, capacity 8290K, committed 8320K, reserved 1048576K
Event: 48.159 GC heap after
Heap after GC invocations=15 (full 3):
 PSYoungGen      total 203264K, used 0K [0x00000000e0000000, 0x00000000eff80000, 0x0000000100000000)
  eden space 176640K, 0% used [0x00000000e0000000,0x00000000e0000000,0x00000000eac80000)
  from space 26624K, 0% used [0x00000000ec880000,0x00000000ec880000,0x00000000ee280000)
  to   space 28672K, 0% used [0x00000000eac80000,0x00000000eac80000,0x00000000ec880000)
 ParOldGen       total 154112K, used 48698K [0x00000000a0000000, 0x00000000a9680000, 0x00000000e0000000)
  object space 154112K, 31% used [0x00000000a0000000,0x00000000a2f8eba0,0x00000000a9680000)
 Metaspace       used 56744K, capacity 58964K, committed 59008K, reserved 1099776K
  class space    used 7717K, capacity 8290K, committed 8320K, reserved 1048576K
}
Event: 65.914 GC heap before
{Heap before GC invocations=16 (full 3):
 PSYoungGen      total 203264K, used 176640K [0x00000000e0000000, 0x00000000eff80000, 0x0000000100000000)
  eden space 176640K, 100% used [0x00000000e0000000,0x00000000eac80000,0x00000000eac80000)
  from space 26624K, 0% used [0x00000000ec880000,0x00000000ec880000,0x00000000ee280000)
  to   space 28672K, 0% used [0x00000000eac80000,0x00000000eac80000,0x00000000ec880000)
 ParOldGen       total 154112K, used 48698K [0x00000000a0000000, 0x00000000a9680000, 0x00000000e0000000)
  object space 154112K, 31% used [0x00000000a0000000,0x00000000a2f8eba0,0x00000000a9680000)
 Metaspace       used 61999K, capacity 64956K, committed 65152K, reserved 1105920K
  class space    used 8233K, capacity 8962K, committed 9088K, reserved 1048576K
Event: 65.951 GC heap after
Heap after GC invocations=16 (full 3):
 PSYoungGen      total 205312K, used 14965K [0x00000000e0000000, 0x00000000f2d00000, 0x0000000100000000)
  eden space 176640K, 0% used [0x00000000e0000000,0x00000000e0000000,0x00000000eac80000)
  from space 28672K, 52% used [0x00000000eac80000,0x00000000ebb1d4f8,0x00000000ec880000)
  to   space 27648K, 0% used [0x00000000f1200000,0x00000000f1200000,0x00000000f2d00000)
 ParOldGen       total 154112K, used 48706K [0x00000000a0000000, 0x00000000a9680000, 0x00000000e0000000)
  object space 154112K, 31% used [0x00000000a0000000,0x00000000a2f90ba0,0x00000000a9680000)
 Metaspace       used 61999K, capacity 64956K, committed 65152K, reserved 1105920K
  class space    used 8233K, capacity 8962K, committed 9088K, reserved 1048576K
}
Event: 745.002 GC heap before
{Heap before GC invocations=17 (full 3):
 PSYoungGen      total 205312K, used 191605K [0x00000000e0000000, 0x00000000f2d00000, 0x0000000100000000)
  eden space 176640K, 100% used [0x00000000e0000000,0x00000000eac80000,0x00000000eac80000)
  from space 28672K, 52% used [0x00000000eac80000,0x00000000ebb1d4f8,0x00000000ec880000)
  to   space 27648K, 0% used [0x00000000f1200000,0x00000000f1200000,0x00000000f2d00000)
 ParOldGen       total 154112K, used 48706K [0x00000000a0000000, 0x00000000a9680000, 0x00000000e0000000)
  object space 154112K, 31% used [0x00000000a0000000,0x00000000a2f90ba0,0x00000000a9680000)
 Metaspace       used 63117K, capacity 66774K, committed 66944K, reserved 1107968K
  class space    used 8346K, capacity 9263K, committed 9344K, reserved 1048576K
Event: 745.048 GC heap after
Heap after GC invocations=17 (full 3):
 PSYoungGen      total 265216K, used 10272K [0x00000000e0000000, 0x00000000f2480000, 0x0000000100000000)
  eden space 246272K, 0% used [0x00000000e0000000,0x00000000e0000000,0x00000000ef080000)
  from space 18944K, 54% used [0x00000000f1200000,0x00000000f1c08180,0x00000000f2480000)
  to   space 26624K, 0% used [0x00000000ef080000,0x00000000ef080000,0x00000000f0a80000)
 ParOldGen       total 154112K, used 48714K [0x00000000a0000000, 0x00000000a9680000, 0x00000000e0000000)
  object space 154112K, 31% used [0x00000000a0000000,0x00000000a2f92ba0,0x00000000a9680000)
 Metaspace       used 63117K, capacity 66774K, committed 66944K, reserved 1107968K
  class space    used 8346K, capacity 9263K, committed 9344K, reserved 1048576K
}
Event: 1612.586 GC heap before
{Heap before GC invocations=18 (full 3):
 PSYoungGen      total 265216K, used 256544K [0x00000000e0000000, 0x00000000f2480000, 0x0000000100000000)
  eden space 246272K, 100% used [0x00000000e0000000,0x00000000ef080000,0x00000000ef080000)
  from space 18944K, 54% used [0x00000000f1200000,0x00000000f1c08180,0x00000000f2480000)
  to   space 26624K, 0% used [0x00000000ef080000,0x00000000ef080000,0x00000000f0a80000)
 ParOldGen       total 154112K, used 48714K [0x00000000a0000000, 0x00000000a9680000, 0x00000000e0000000)
  object space 154112K, 31% used [0x00000000a0000000,0x00000000a2f92ba0,0x00000000a9680000)
 Metaspace       used 66767K, capacity 71000K, committed 71040K, reserved 1110016K
  class space    used 8818K, capacity 9830K, committed 9856K, reserved 1048576K

